ERROR - 2025-07-26 10:29:38 --> Email: Unable to send email using SMTP. Your server might not be configured to send mail using this method.
ERROR - 2025-07-26 10:29:38 --> 220 smtp.gmail.com ESMTP 41be03b00d2f7-b3f7f58b95esm1361846a12.16 - gsmtp

hello: 250-smtp.gmail.com at your service, [2401:4900:1c44:1a9f:4da4:279a:51ed:af53]
250-SIZE 35882577
250-8BITMIME
250-STARTTLS
250-ENHANCEDSTATUSCODES
250-PIPELINING
250-CHUNKING
250 SMTPUTF8

starttls: 220 2.0.0 Ready to start TLS

hello: 250-smtp.gmail.com at your service, [2401:4900:1c44:1a9f:4da4:279a:51ed:af53]
250-SIZE 35882577
250-8BITMIME
250-AUTH LOGIN PLAIN XOAUTH2 PLAIN-CLIENTTOKEN OAUTHBEARER XOAUTH
250-ENHANCEDSTATUSCODES
250-PIPELINING
250-CHUNKING
250 SMTPUTF8

Failed to authenticate password. Error: 535-5.7.8 Username and Password not accepted. For more information, go to
535 5.7.8  https://support.google.com/mail/?p=BadCredentials 41be03b00d2f7-b3f7f58b95esm1361846a12.16 - gsmtp

